<?xml version="1.0" encoding="UTF-8"?>
<!-- Generated by org.testng.reporters.JUnitReportReporter -->
<testsuite hostname="DESKTOP-5I8QE3D" failures="0" tests="3" name="TestNG.TestNG" time="10.561" errors="0" timestamp="28 Oct 2022 12:15:15 GMT">
  <testcase classname="TestNG.TestNG" name="testcase3" time="4.492"/>
  <testcase classname="TestNG.TestNG" name="testcase1" time="1.340"/>
  <testcase classname="TestNG.TestNG" name="testcase2" time="4.729"/>
</testsuite> <!-- TestNG.TestNG -->
